{
  "RSpec": {
    "coverage": {
      "/home/ubuntu/workspace/One_Eighty_Degrees_Consulting/config/environment.rb": [
        null,
        1,
        null,
        null,
        1
      ],
      "/home/ubuntu/workspace/One_Eighty_Degrees_Consulting/config/application.rb": [
        1,
        null,
        1,
        null,
        1,
        1,
        1,
        1,
        1,
        1,
        1,
        null,
        null,
        null,
        null,
        1,
        null,
        1,
        1,
        null,
        null,
        null,
        null,
        null,
        null,
        null,
        null,
        null,
        null,
        null,
        1,
        null,
        1,
        null,
        null
      ],
      "/home/ubuntu/workspace/One_Eighty_Degrees_Consulting/config/boot.rb": [
        1,
        null,
        1
      ],
      "/home/ubuntu/workspace/One_Eighty_Degrees_Consulting/config/environments/test.rb": [
        1,
        null,
        null,
        null,
        null,
        null,
        null,
        1,
        null,
        null,
        null,
        null,
        1,
        null,
        null,
        1,
        1,
        null,
        null,
        1,
        1,
        null,
        null,
        1,
        null,
        null,
        1,
        null,
        null,
        null,
        null,
        1,
        null,
        null,
        1,
        null,
        null,
        1,
        null,
        null,
        null,
        null
      ],
      "/home/ubuntu/workspace/One_Eighty_Degrees_Consulting/config/initializers/assets.rb": [
        null,
        null,
        null,
        1,
        null,
        null,
        null,
        null,
        null,
        null,
        null
      ],
      "/home/ubuntu/workspace/One_Eighty_Degrees_Consulting/config/initializers/backtrace_silencers.rb": [
        null,
        null,
        null,
        null,
        null,
        null,
        null
      ],
      "/home/ubuntu/workspace/One_Eighty_Degrees_Consulting/config/initializers/cookies_serializer.rb": [
        null,
        null,
        1
      ],
      "/home/ubuntu/workspace/One_Eighty_Degrees_Consulting/config/initializers/filter_parameter_logging.rb": [
        null,
        null,
        null,
        1
      ],
      "/home/ubuntu/workspace/One_Eighty_Degrees_Consulting/config/initializers/inflections.rb": [
        null,
        null,
        null,
        null,
        null,
        null,
        null,
        null,
        null,
        null,
        null,
        null,
        null,
        null,
        null,
        null
      ],
      "/home/ubuntu/workspace/One_Eighty_Degrees_Consulting/config/initializers/mime_types.rb": [
        null,
        null,
        null,
        null
      ],
      "/home/ubuntu/workspace/One_Eighty_Degrees_Consulting/config/initializers/session_store.rb": [
        null,
        null,
        1
      ],
      "/home/ubuntu/workspace/One_Eighty_Degrees_Consulting/config/initializers/simple_form.rb": [
        null,
        1,
        null,
        null,
        null,
        null,
        null,
        1,
        null,
        null,
        null,
        null,
        null,
        null,
        null,
        null,
        null,
        1,
        null,
        null,
        null,
        1,
        null,
        null,
        null,
        null,
        null,
        null,
        null,
        null,
        1,
        null,
        null,
        1,
        null,
        null,
        1,
        null,
        null,
        1,
        null,
        null,
        1,
        1,
        1,
        null,
        null,
        null,
        null,
        null,
        null,
        null,
        null,
        null,
        1,
        null,
        null,
        null,
        null,
        null,
        1,
        null,
        null,
        1,
        null,
        null,
        null,
        null,
        null,
        null,
        null,
        1,
        null,
        null,
        1,
        null,
        null,
        null,
        null,
        null,
        null,
        null,
        null,
        null,
        null,
        null,
        null,
        null,
        null,
        null,
        null,
        null,
        null,
        null,
        null,
        null,
        null,
        null,
        null,
        null,
        null,
        null,
        null,
        null,
        null,
        null,
        null,
        null,
        null,
        null,
        null,
        null,
        null,
        null,
        null,
        null,
        null,
        null,
        null,
        1,
        null,
        null,
        null,
        null,
        null,
        null,
        null,
        null,
        null,
        null,
        null,
        null,
        null,
        null,
        null,
        null,
        null,
        null,
        null,
        null,
        null,
        null,
        null,
        null,
        null,
        null,
        null,
        null,
        null,
        null,
        null,
        null,
        null,
        null,
        null,
        null,
        1,
        null,
        null,
        null,
        null,
        null,
        null,
        null,
        null
      ],
      "/home/ubuntu/workspace/One_Eighty_Degrees_Consulting/config/initializers/wrap_parameters.rb": [
        null,
        null,
        null,
        null,
        null,
        null,
        1,
        1,
        null,
        null,
        null,
        null,
        null,
        null
      ],
      "/home/ubuntu/workspace/One_Eighty_Degrees_Consulting/spec/factories/client.rb": [
        1,
        1,
        1,
        1,
        null,
        null
      ],
      "/home/ubuntu/workspace/One_Eighty_Degrees_Consulting/spec/factories/sponsor.rb": [
        1,
        1,
        1,
        1,
        null,
        null
      ],
      "/home/ubuntu/workspace/One_Eighty_Degrees_Consulting/spec/factories/student.rb": [
        1,
        1,
        1,
        1,
        null,
        null
      ],
      "/home/ubuntu/workspace/One_Eighty_Degrees_Consulting/config/routes.rb": [
        1,
        null,
        1,
        null,
        1,
        1,
        1,
        1,
        null,
        null,
        null,
        1,
        1,
        1,
        null,
        null,
        null,
        null,
        null,
        null,
        null,
        null,
        null,
        null,
        null,
        null,
        null,
        null,
        null,
        null,
        null,
        null,
        null,
        null,
        null,
        null,
        null,
        null,
        null,
        null,
        null,
        null,
        null,
        null,
        null,
        null,
        null,
        null,
        null,
        null,
        null,
        null,
        null,
        null,
        null,
        null,
        null,
        null,
        null,
        null,
        null,
        null,
        null,
        null,
        null,
        null,
        null,
        null,
        null,
        null
      ],
      "/home/ubuntu/workspace/One_Eighty_Degrees_Consulting/app/helpers/application_helper.rb": [
        1,
        null
      ],
      "/home/ubuntu/workspace/One_Eighty_Degrees_Consulting/app/helpers/applications_helper.rb": [
        1,
        null
      ],
      "/home/ubuntu/workspace/One_Eighty_Degrees_Consulting/app/helpers/clients_helper.rb": [
        1,
        null
      ],
      "/home/ubuntu/workspace/One_Eighty_Degrees_Consulting/app/helpers/main_helper.rb": [
        1,
        null
      ],
      "/home/ubuntu/workspace/One_Eighty_Degrees_Consulting/app/helpers/sponsors_helper.rb": [
        1,
        null
      ],
      "/home/ubuntu/workspace/One_Eighty_Degrees_Consulting/app/helpers/students_helper.rb": [
        1,
        null
      ],
      "/home/ubuntu/workspace/One_Eighty_Degrees_Consulting/app/controllers/clients_controller.rb": [
        1,
        1,
        2,
        null,
        null,
        1,
        3,
        3,
        3,
        2,
        2,
        null,
        1,
        1,
        null,
        null,
        null
      ],
      "/home/ubuntu/workspace/One_Eighty_Degrees_Consulting/app/controllers/application_controller.rb": [
        1,
        null,
        null,
        1,
        null
      ],
      "/home/ubuntu/workspace/One_Eighty_Degrees_Consulting/spec/controllers/sponsors_controller_spec.rb": [
        1,
        null,
        1,
        1,
        1,
        1,
        1,
        null,
        1,
        1,
        1,
        null,
        null,
        1,
        1,
        3,
        null,
        1,
        1,
        1,
        null,
        1,
        3,
        null,
        1,
        1,
        1,
        1,
        1,
        null,
        null,
        1,
        1,
        1,
        1,
        1,
        null,
        null,
        null,
        null
      ],
      "/home/ubuntu/workspace/One_Eighty_Degrees_Consulting/app/controllers/sponsors_controller.rb": [
        1,
        1,
        2,
        null,
        null,
        1,
        3,
        3,
        3,
        2,
        2,
        null,
        1,
        1,
        null,
        null,
        null
      ],
      "/home/ubuntu/workspace/One_Eighty_Degrees_Consulting/spec/controllers/students_controller_spec.rb": [
        1,
        null,
        1,
        1,
        1,
        1,
        1,
        null,
        1,
        1,
        1,
        null,
        null,
        1,
        1,
        3,
        null,
        1,
        1,
        1,
        null,
        1,
        3,
        null,
        1,
        1,
        1,
        1,
        1,
        null,
        null,
        1,
        1,
        1,
        1,
        1,
        null,
        null,
        null,
        null
      ],
      "/home/ubuntu/workspace/One_Eighty_Degrees_Consulting/app/controllers/students_controller.rb": [
        1,
        1,
        2,
        null,
        null,
        1,
        3,
        3,
        3,
        2,
        2,
        null,
        1,
        1,
        null,
        null,
        null
      ],
      "/home/ubuntu/workspace/One_Eighty_Degrees_Consulting/spec/models/client_spec.rb": [
        1,
        null,
        1,
        1,
        1,
        1,
        1,
        null,
        null,
        null,
        null,
        1,
        1,
        null,
        null,
        null
      ],
      "/home/ubuntu/workspace/One_Eighty_Degrees_Consulting/app/models/client.rb": [
        1,
        1,
        1,
        1,
        1,
        null,
        null,
        null,
        1,
        null,
        null,
        null,
        null,
        2,
        null,
        null
      ],
      "/home/ubuntu/workspace/One_Eighty_Degrees_Consulting/spec/models/sponsor_spec.rb": [
        1,
        null,
        1,
        1,
        1,
        1,
        1,
        null,
        null,
        null,
        null,
        1,
        1,
        null,
        null,
        null
      ],
      "/home/ubuntu/workspace/One_Eighty_Degrees_Consulting/app/models/sponsor.rb": [
        1,
        1,
        1,
        1,
        1,
        null,
        null,
        null,
        1,
        null,
        null,
        null,
        null,
        2,
        null,
        null
      ],
      "/home/ubuntu/workspace/One_Eighty_Degrees_Consulting/spec/models/student_spec.rb": [
        1,
        null,
        1,
        1,
        1,
        1,
        1,
        null,
        null,
        null,
        null,
        1,
        1,
        null,
        null,
        null
      ],
      "/home/ubuntu/workspace/One_Eighty_Degrees_Consulting/app/models/student.rb": [
        1,
        1,
        1,
        1,
        1,
        null,
        null,
        null,
        1,
        null,
        null,
        null,
        null,
        2,
        null,
        null
      ]
    },
    "timestamp": 1457648321
  }
}
